<?xml version="1.0" encoding="UTF-8"?>
<robot generator="Robot 6.0.2 (Python 3.10.2 on win32)" generated="20230419 14:46:14.960" rpa="false" schemaversion="3">
<suite id="s1" name="Demo7 Assignments" source="C:\Mine\Company\CGI Apr 2023\robot_project\selenium_suite\demo7_assignments.robot">
<test id="s1-t1" name="TC4" line="38">
<kw name="Launch Browser And Navigate To Url" library="common_functionalities">
<kw name="Open Browser" library="SeleniumLibrary">
<arg>browser=${BROWSER}</arg>
<doc>Opens a new browser instance to the optional ``url``.</doc>
<msg timestamp="20230419 14:46:15.287" level="INFO">Opening browser 'chrome' to base url 'None'.</msg>
<status status="PASS" starttime="20230419 14:46:15.286" endtime="20230419 14:46:16.771"/>
</kw>
<kw name="Maximize Browser Window" library="SeleniumLibrary">
<doc>Maximizes current browser window.</doc>
<status status="PASS" starttime="20230419 14:46:16.772" endtime="20230419 14:46:16.904"/>
</kw>
<kw name="Set Selenium Implicit Wait" library="SeleniumLibrary">
<arg>10s</arg>
<doc>Sets the implicit wait value used by Selenium.</doc>
<status status="PASS" starttime="20230419 14:46:16.904" endtime="20230419 14:46:16.908"/>
</kw>
<kw name="Go To" library="SeleniumLibrary">
<arg>url=${URL}</arg>
<doc>Navigates the current browser window to the provided ``url``.</doc>
<msg timestamp="20230419 14:46:16.910" level="INFO">Opening url 'https://www.online.citibank.co.in/'</msg>
<status status="PASS" starttime="20230419 14:46:16.909" endtime="20230419 14:46:21.355"/>
</kw>
<status status="PASS" starttime="20230419 14:46:15.285" endtime="20230419 14:46:21.356"/>
</kw>
<kw name="Run Keyword And Ignore Error" library="BuiltIn">
<arg>Click Element</arg>
<arg>xpath=//a[@class='newclose']</arg>
<doc>Runs the given keyword with the given arguments and ignores possible error.</doc>
<kw name="Click Element" library="SeleniumLibrary">
<arg>xpath=//a[@class='newclose']</arg>
<doc>Click the element identified by ``locator``.</doc>
<msg timestamp="20230419 14:46:21.361" level="INFO">Clicking element 'xpath=//a[@class='newclose']'.</msg>
<status status="PASS" starttime="20230419 14:46:21.358" endtime="20230419 14:46:21.502"/>
</kw>
<status status="PASS" starttime="20230419 14:46:21.357" endtime="20230419 14:46:21.503"/>
</kw>
<kw name="Run Keyword And Ignore Error" library="BuiltIn">
<arg>Click Element</arg>
<arg>xpath=//a[@class='newclose2']</arg>
<doc>Runs the given keyword with the given arguments and ignores possible error.</doc>
<kw name="Click Element" library="SeleniumLibrary">
<arg>xpath=//a[@class='newclose2']</arg>
<doc>Click the element identified by ``locator``.</doc>
<msg timestamp="20230419 14:46:21.507" level="INFO">Clicking element 'xpath=//a[@class='newclose2']'.</msg>
<status status="PASS" starttime="20230419 14:46:21.505" endtime="20230419 14:46:21.626"/>
</kw>
<status status="PASS" starttime="20230419 14:46:21.504" endtime="20230419 14:46:21.626"/>
</kw>
<kw name="Click Element" library="SeleniumLibrary">
<arg>xpath=//span[normalize-space()='Login']</arg>
<doc>Click the element identified by ``locator``.</doc>
<msg timestamp="20230419 14:46:21.630" level="INFO">Clicking element 'xpath=//span[normalize-space()='Login']'.</msg>
<status status="PASS" starttime="20230419 14:46:21.627" endtime="20230419 14:46:22.135"/>
</kw>
<kw name="Switch Window" library="SeleniumLibrary">
<arg>Citibank India</arg>
<doc>Switches to browser window matching ``locator``.</doc>
<status status="PASS" starttime="20230419 14:46:22.136" endtime="20230419 14:46:24.732"/>
</kw>
<kw name="Click Element" library="SeleniumLibrary">
<arg>xpath=//*[contains(text(),'Forgot User')]</arg>
<doc>Click the element identified by ``locator``.</doc>
<msg timestamp="20230419 14:46:24.737" level="INFO">Clicking element 'xpath=//*[contains(text(),'Forgot User')]'.</msg>
<status status="PASS" starttime="20230419 14:46:24.734" endtime="20230419 14:46:27.605"/>
</kw>
<kw name="Click Element" library="SeleniumLibrary">
<arg>link=select your product type</arg>
<doc>Click the element identified by ``locator``.</doc>
<msg timestamp="20230419 14:46:27.607" level="INFO">Clicking element 'link=select your product type'.</msg>
<status status="PASS" starttime="20230419 14:46:27.605" endtime="20230419 14:46:27.769"/>
</kw>
<kw name="Click Element" library="SeleniumLibrary">
<arg>partial link=Credit Card</arg>
<doc>Click the element identified by ``locator``.</doc>
<msg timestamp="20230419 14:46:27.772" level="INFO">Clicking element 'partial link=Credit Card'.</msg>
<status status="PASS" starttime="20230419 14:46:27.770" endtime="20230419 14:46:28.157"/>
</kw>
<kw name="Input Text" library="SeleniumLibrary">
<arg>css=#citiCard1</arg>
<arg>8989</arg>
<doc>Types the given ``text`` into the text field identified by ``locator``.</doc>
<msg timestamp="20230419 14:46:28.159" level="INFO">Typing text '8989' into text field 'css=#citiCard1'.</msg>
<status status="PASS" starttime="20230419 14:46:28.157" endtime="20230419 14:46:30.002"/>
</kw>
<kw name="Input Text" library="SeleniumLibrary">
<arg>id=citiCard2</arg>
<arg>8989</arg>
<doc>Types the given ``text`` into the text field identified by ``locator``.</doc>
<msg timestamp="20230419 14:46:30.005" level="INFO">Typing text '8989' into text field 'id=citiCard2'.</msg>
<status status="PASS" starttime="20230419 14:46:30.003" endtime="20230419 14:46:30.164"/>
</kw>
<kw name="Get WebElement" library="SeleniumLibrary">
<var>${ele}</var>
<arg>xpath=//input[@id='bill-date-long']</arg>
<doc>Returns the first WebElement matching the given ``locator``.</doc>
<msg timestamp="20230419 14:46:30.192" level="INFO">${ele} = &lt;selenium.webdriver.remote.webelement.WebElement (session="13e8ef67efd3d72390c6121ec4bd6c09", element="98069a6e-cb13-4098-ba50-7b5a9100606e")&gt;</msg>
<status status="PASS" starttime="20230419 14:46:30.166" endtime="20230419 14:46:30.192"/>
</kw>
<kw name="Execute Javascript" library="SeleniumLibrary">
<arg>arguments[0].value='14/09/2000'</arg>
<arg>ARGUMENTS</arg>
<arg>${ele}</arg>
<doc>Executes the given JavaScript code with possible arguments.</doc>
<msg timestamp="20230419 14:46:30.196" level="INFO">Executing JavaScript:
arguments[0].value='14/09/2000'
By using argument:
'&lt;selenium.webdriver.remote.webelement.WebElement (session="13e8ef67efd3d72390c6121ec4bd6c09", element="98069a6e-cb13-4098-ba50-7b5a9100606e")&gt;'</msg>
<status status="PASS" starttime="20230419 14:46:30.192" endtime="20230419 14:46:30.210"/>
</kw>
<kw name="Click Element" library="SeleniumLibrary">
<arg>name=agree</arg>
<doc>Click the element identified by ``locator``.</doc>
<msg timestamp="20230419 14:46:30.213" level="INFO">Clicking element 'name=agree'.</msg>
<status status="PASS" starttime="20230419 14:46:30.211" endtime="20230419 14:46:30.370"/>
</kw>
<kw name="Sleep" library="BuiltIn">
<arg>5s</arg>
<doc>Pauses the test executed for the given time.</doc>
<msg timestamp="20230419 14:46:35.372" level="INFO">Slept 5 seconds</msg>
<status status="PASS" starttime="20230419 14:46:30.371" endtime="20230419 14:46:35.372"/>
</kw>
<status status="PASS" starttime="20230419 14:46:15.285" endtime="20230419 14:46:35.373"/>
</test>
<status status="PASS" starttime="20230419 14:46:14.963" endtime="20230419 14:46:35.374"/>
</suite>
<statistics>
<total>
<stat pass="1" fail="0" skip="0">All Tests</stat>
</total>
<tag>
</tag>
<suite>
<stat pass="1" fail="0" skip="0" id="s1" name="Demo7 Assignments">Demo7 Assignments</stat>
</suite>
</statistics>
<errors>
</errors>
</robot>
